<?xml version="1.0" encoding="UTF-8"?>
<!-- Generated by org.testng.reporters.JUnitXMLReporter -->
<testsuite ignored="0" hostname="LAPTOP-ISQ7MUIO" failures="0" tests="3" name="Default test" time="16.992" errors="0" timestamp="18 Jun 2020 08:02:10 GMT">
  <testcase classname="tests.GoogleTest" name="launchApplication" time="1.809"/>
  <testcase classname="tests.GoogleTest" name="verifySearchResults" time="5.229"/>
  <testcase classname="tests.GoogleTest" name="verifyHomePage" time="1.298"/>
</testsuite> <!-- Default test -->
