<?xml version="1.0" encoding="UTF-8"?>
<!-- Generated by org.testng.reporters.JUnitXMLReporter -->
<testsuite ignored="0" hostname="LAPTOP-ISQ7MUIO" failures="1" tests="3" name="Test" time="26.998" errors="0" timestamp="16 Jul 2020 14:08:52 GMT">
  <testcase classname="tests.GoogleTest" name="launchApplication" time="1.706"/>
  <testcase classname="tests.GoogleTest" name="verifySearchResults" time="3.942">
    <failure type="java.lang.AssertionError" message="expected [Avengers - Google Search] but found [https://www.google.co.in/search?source=hp&amp;amp;ei=Z18QX_HYHJaf4-EPgpOX4Ak&amp;amp;q=Avengers&amp;amp;btnK=Google+Search]">
      <![CDATA[java.lang.AssertionError: expected [Avengers - Google Search] but found [https://www.google.co.in/search?source=hp&ei=Z18QX_HYHJaf4-EPgpOX4Ak&q=Avengers&btnK=Google+Search]
at tests.GoogleTest.verifySearchResults(GoogleTest.java:38)
... Removed 31 stack frames]]>
    </failure>
  </testcase> <!-- verifySearchResults -->
  <testcase classname="tests.GoogleTest" name="verifyHomePage" time="3.941"/>
</testsuite> <!-- Test -->
