<?xml version="1.0" encoding="UTF-8"?>
<testng-results ignored="0" total="3" passed="3" failed="0" skipped="0">
  <reporter-output>
  </reporter-output>
  <suite started-at="2020-06-29T13:10:57Z" name="Suite" finished-at="2020-06-29T13:12:09Z" duration-ms="72512">
    <groups>
    </groups>
    <test started-at="2020-06-29T13:10:57Z" name="Test" finished-at="2020-06-29T13:12:09Z" duration-ms="72512">
      <class name="tests.GoogleTest">
        <test-method is-config="true" signature="initPages()[pri:0, instance:tests.GoogleTest@28b46423]" started-at="2020-06-29T13:10:57Z" name="initPages" finished-at="2020-06-29T13:11:00Z" duration-ms="3453" status="PASS">
          <reporter-output>
          </reporter-output>
        </test-method> <!-- initPages -->
        <test-method is-config="true" signature="initVars()[pri:0, instance:tests.GoogleTest@28b46423]" started-at="2020-06-29T13:11:00Z" name="initVars" finished-at="2020-06-29T13:11:00Z" duration-ms="4" status="PASS">
          <reporter-output>
          </reporter-output>
        </test-method> <!-- initVars -->
        <test-method signature="launchApplication()[pri:1, instance:tests.GoogleTest@28b46423]" started-at="2020-06-29T13:11:00Z" name="launchApplication" finished-at="2020-06-29T13:11:02Z" duration-ms="2159" status="PASS">
          <reporter-output>
          </reporter-output>
        </test-method> <!-- launchApplication -->
        <test-method signature="verifySearchResults()[pri:2, instance:tests.GoogleTest@28b46423]" started-at="2020-06-29T13:11:02Z" name="verifySearchResults" finished-at="2020-06-29T13:11:39Z" duration-ms="36126" status="PASS">
          <reporter-output>
          </reporter-output>
        </test-method> <!-- verifySearchResults -->
        <test-method signature="verifyHomePage()[pri:3, instance:tests.GoogleTest@28b46423]" started-at="2020-06-29T13:11:39Z" name="verifyHomePage" finished-at="2020-06-29T13:12:09Z" duration-ms="30551" status="PASS">
          <reporter-output>
          </reporter-output>
        </test-method> <!-- verifyHomePage -->
        <test-method is-config="true" signature="closeBrowser()[pri:0, instance:tests.GoogleTest@28b46423]" started-at="2020-06-29T13:12:09Z" name="closeBrowser" finished-at="2020-06-29T13:12:09Z" duration-ms="187" status="PASS">
          <reporter-output>
          </reporter-output>
        </test-method> <!-- closeBrowser -->
      </class> <!-- tests.GoogleTest -->
    </test> <!-- Test -->
  </suite> <!-- Suite -->
</testng-results>
